{"D:\\Belajar\\finance-tracker\\index.js": {"path":"D:\\Belajar\\finance-tracker\\index.js","statementMap":{"0":{"start":{"line":1,"column":0},"end":{"line":1,"column":26}},"1":{"start":{"line":2,"column":0},"end":{"line":2,"column":26}},"2":{"start":{"line":3,"column":16},"end":{"line":3,"column":34}},"3":{"start":{"line":4,"column":12},"end":{"line":4,"column":21}},"4":{"start":{"line":6,"column":0},"end":{"line":6,"column":23}},"5":{"start":{"line":8,"column":15},"end":{"line":8,"column":44}},"6":{"start":{"line":9,"column":0},"end":{"line":9,"column":20}},"7":{"start":{"line":11,"column":13},"end":{"line":11,"column":78}},"8":{"start":{"line":11,"column":38},"end":{"line":11,"column":75}},"9":{"start":{"line":12,"column":0},"end":{"line":12,"column":25}},"10":{"start":{"line":13,"column":0},"end":{"line":13,"column":23}}},"fnMap":{"0":{"name":"(anonymous_0)","decl":{"start":{"line":11,"column":30},"end":{"line":11,"column":31}},"loc":{"start":{"line":11,"column":36},"end":{"line":11,"column":77}},"line":11}},"branchMap":{},"s":{"0":1,"1":1,"2":1,"3":1,"4":1,"5":1,"6":1,"7":1,"8":1,"9":1,"10":1},"f":{"0":1},"b":{},"_coverageSchema":"1a1c01bbd47fc00a2c39e90264f33305004495a9","hash":"5855627ca385ef617594307a8fb6c023fcac98c2"}
,"D:\\Belajar\\finance-tracker\\app\\controllers\\trackerController.js": {"path":"D:\\Belajar\\finance-tracker\\app\\controllers\\trackerController.js","statementMap":{"0":{"start":{"line":1,"column":13},"end":{"line":1,"column":36}},"1":{"start":{"line":2,"column":37},"end":{"line":2,"column":67}},"2":{"start":{"line":4,"column":0},"end":{"line":21,"column":1}},"3":{"start":{"line":5,"column":40},"end":{"line":5,"column":48}},"4":{"start":{"line":6,"column":19},"end":{"line":6,"column":27}},"5":{"start":{"line":7,"column":4},"end":{"line":20,"column":5}},"6":{"start":{"line":8,"column":23},"end":{"line":9,"column":119}},"7":{"start":{"line":11,"column":8},"end":{"line":15,"column":51}},"8":{"start":{"line":12,"column":24},"end":{"line":12,"column":68}},"9":{"start":{"line":13,"column":12},"end":{"line":13,"column":43}},"10":{"start":{"line":15,"column":15},"end":{"line":15,"column":49}},"11":{"start":{"line":18,"column":8},"end":{"line":19,"column":65}},"12":{"start":{"line":18,"column":71},"end":{"line":18,"column":98}},"13":{"start":{"line":19,"column":15},"end":{"line":19,"column":63}},"14":{"start":{"line":23,"column":0},"end":{"line":35,"column":1}},"15":{"start":{"line":24,"column":19},"end":{"line":24,"column":27}},"16":{"start":{"line":25,"column":4},"end":{"line":34,"column":5}},"17":{"start":{"line":26,"column":23},"end":{"line":29,"column":46}},"18":{"start":{"line":30,"column":8},"end":{"line":30,"column":38}},"19":{"start":{"line":33,"column":8},"end":{"line":33,"column":54}},"20":{"start":{"line":37,"column":0},"end":{"line":45,"column":1}},"21":{"start":{"line":38,"column":40},"end":{"line":38,"column":48}},"22":{"start":{"line":39,"column":4},"end":{"line":44,"column":5}},"23":{"start":{"line":43,"column":8},"end":{"line":43,"column":54}}},"fnMap":{"0":{"name":"(anonymous_0)","decl":{"start":{"line":4,"column":21},"end":{"line":4,"column":22}},"loc":{"start":{"line":4,"column":41},"end":{"line":21,"column":1}},"line":4},"1":{"name":"(anonymous_1)","decl":{"start":{"line":23,"column":19},"end":{"line":23,"column":20}},"loc":{"start":{"line":23,"column":39},"end":{"line":35,"column":1}},"line":23},"2":{"name":"(anonymous_2)","decl":{"start":{"line":37,"column":19},"end":{"line":37,"column":20}},"loc":{"start":{"line":37,"column":39},"end":{"line":45,"column":1}},"line":37}},"branchMap":{"0":{"loc":{"start":{"line":11,"column":8},"end":{"line":15,"column":51}},"type":"if","locations":[{"start":{"line":11,"column":8},"end":{"line":15,"column":51}},{"start":{"line":15,"column":13},"end":{"line":15,"column":51}}],"line":11},"1":{"loc":{"start":{"line":18,"column":8},"end":{"line":19,"column":65}},"type":"if","locations":[{"start":{"line":18,"column":8},"end":{"line":19,"column":65}},{"start":{"line":19,"column":13},"end":{"line":19,"column":65}}],"line":18},"2":{"loc":{"start":{"line":18,"column":12},"end":{"line":18,"column":67}},"type":"binary-expr","locations":[{"start":{"line":18,"column":12},"end":{"line":18,"column":34}},{"start":{"line":18,"column":38},"end":{"line":18,"column":67}}],"line":18}},"s":{"0":1,"1":1,"2":1,"3":0,"4":0,"5":0,"6":0,"7":0,"8":0,"9":0,"10":0,"11":0,"12":0,"13":0,"14":1,"15":0,"16":0,"17":0,"18":0,"19":0,"20":1,"21":0,"22":0,"23":0},"f":{"0":0,"1":0,"2":0},"b":{"0":[0,0],"1":[0,0],"2":[0,0]},"_coverageSchema":"1a1c01bbd47fc00a2c39e90264f33305004495a9","hash":"0183c41387b1a10e6d9b9d6040858b4dceb4d9ad"}
,"D:\\Belajar\\finance-tracker\\app\\controllers\\userController.js": {"path":"D:\\Belajar\\finance-tracker\\app\\controllers\\userController.js","statementMap":{"0":{"start":{"line":1,"column":13},"end":{"line":1,"column":36}},"1":{"start":{"line":2,"column":15},"end":{"line":2,"column":34}},"2":{"start":{"line":3,"column":12},"end":{"line":3,"column":35}},"3":{"start":{"line":4,"column":37},"end":{"line":4,"column":67}},"4":{"start":{"line":6,"column":0},"end":{"line":30,"column":1}},"5":{"start":{"line":7,"column":38},"end":{"line":7,"column":46}},"6":{"start":{"line":8,"column":4},"end":{"line":29,"column":5}},"7":{"start":{"line":9,"column":8},"end":{"line":9,"column":61}},"8":{"start":{"line":9,"column":44},"end":{"line":9,"column":59}},"9":{"start":{"line":10,"column":29},"end":{"line":10,"column":58}},"10":{"start":{"line":11,"column":23},"end":{"line":11,"column":205}},"11":{"start":{"line":13,"column":8},"end":{"line":17,"column":52}},"12":{"start":{"line":14,"column":24},"end":{"line":14,"column":68}},"13":{"start":{"line":15,"column":12},"end":{"line":15,"column":43}},"14":{"start":{"line":17,"column":15},"end":{"line":17,"column":50}},"15":{"start":{"line":20,"column":8},"end":{"line":28,"column":64}},"16":{"start":{"line":21,"column":12},"end":{"line":21,"column":70}},"17":{"start":{"line":21,"column":41},"end":{"line":21,"column":68}},"18":{"start":{"line":22,"column":12},"end":{"line":26,"column":13}},"19":{"start":{"line":23,"column":16},"end":{"line":23,"column":72}},"20":{"start":{"line":23,"column":29},"end":{"line":23,"column":70}},"21":{"start":{"line":24,"column":16},"end":{"line":24,"column":74}},"22":{"start":{"line":24,"column":30},"end":{"line":24,"column":72}},"23":{"start":{"line":25,"column":16},"end":{"line":25,"column":80}},"24":{"start":{"line":25,"column":33},"end":{"line":25,"column":78}},"25":{"start":{"line":28,"column":15},"end":{"line":28,"column":62}},"26":{"start":{"line":32,"column":0},"end":{"line":49,"column":1}},"27":{"start":{"line":33,"column":32},"end":{"line":33,"column":40}},"28":{"start":{"line":34,"column":4},"end":{"line":48,"column":5}},"29":{"start":{"line":35,"column":23},"end":{"line":35,"column":113}},"30":{"start":{"line":36,"column":8},"end":{"line":36,"column":57}},"31":{"start":{"line":36,"column":22},"end":{"line":36,"column":57}},"32":{"start":{"line":37,"column":28},"end":{"line":37,"column":74}},"33":{"start":{"line":39,"column":8},"end":{"line":43,"column":48}},"34":{"start":{"line":40,"column":24},"end":{"line":40,"column":68}},"35":{"start":{"line":41,"column":12},"end":{"line":41,"column":43}},"36":{"start":{"line":43,"column":13},"end":{"line":43,"column":48}},"37":{"start":{"line":46,"column":8},"end":{"line":47,"column":56}},"38":{"start":{"line":46,"column":67},"end":{"line":46,"column":94}},"39":{"start":{"line":47,"column":15},"end":{"line":47,"column":54}},"40":{"start":{"line":51,"column":0},"end":{"line":58,"column":1}},"41":{"start":{"line":52,"column":19},"end":{"line":52,"column":27}},"42":{"start":{"line":53,"column":4},"end":{"line":57,"column":66}},"43":{"start":{"line":54,"column":23},"end":{"line":54,"column":109}},"44":{"start":{"line":55,"column":8},"end":{"line":55,"column":41}},"45":{"start":{"line":57,"column":18},"end":{"line":57,"column":64}}},"fnMap":{"0":{"name":"(anonymous_0)","decl":{"start":{"line":6,"column":19},"end":{"line":6,"column":20}},"loc":{"start":{"line":6,"column":39},"end":{"line":30,"column":1}},"line":6},"1":{"name":"(anonymous_1)","decl":{"start":{"line":32,"column":16},"end":{"line":32,"column":17}},"loc":{"start":{"line":32,"column":36},"end":{"line":49,"column":1}},"line":32},"2":{"name":"(anonymous_2)","decl":{"start":{"line":51,"column":18},"end":{"line":51,"column":19}},"loc":{"start":{"line":51,"column":38},"end":{"line":58,"column":1}},"line":51}},"branchMap":{"0":{"loc":{"start":{"line":9,"column":8},"end":{"line":9,"column":61}},"type":"if","locations":[{"start":{"line":9,"column":8},"end":{"line":9,"column":61}},{"start":{},"end":{}}],"line":9},"1":{"loc":{"start":{"line":9,"column":12},"end":{"line":9,"column":40}},"type":"binary-expr","locations":[{"start":{"line":9,"column":12},"end":{"line":9,"column":17}},{"start":{"line":9,"column":21},"end":{"line":9,"column":27}},{"start":{"line":9,"column":31},"end":{"line":9,"column":40}}],"line":9},"2":{"loc":{"start":{"line":13,"column":8},"end":{"line":17,"column":52}},"type":"if","locations":[{"start":{"line":13,"column":8},"end":{"line":17,"column":52}},{"start":{"line":17,"column":13},"end":{"line":17,"column":52}}],"line":13},"3":{"loc":{"start":{"line":20,"column":8},"end":{"line":28,"column":64}},"type":"if","locations":[{"start":{"line":20,"column":8},"end":{"line":28,"column":64}},{"start":{"line":28,"column":13},"end":{"line":28,"column":64}}],"line":20},"4":{"loc":{"start":{"line":21,"column":12},"end":{"line":21,"column":70}},"type":"if","locations":[{"start":{"line":21,"column":12},"end":{"line":21,"column":70}},{"start":{},"end":{}}],"line":21},"5":{"loc":{"start":{"line":22,"column":12},"end":{"line":26,"column":13}},"type":"if","locations":[{"start":{"line":22,"column":12},"end":{"line":26,"column":13}},{"start":{},"end":{}}],"line":22},"6":{"loc":{"start":{"line":23,"column":16},"end":{"line":23,"column":72}},"type":"if","locations":[{"start":{"line":23,"column":16},"end":{"line":23,"column":72}},{"start":{},"end":{}}],"line":23},"7":{"loc":{"start":{"line":24,"column":16},"end":{"line":24,"column":74}},"type":"if","locations":[{"start":{"line":24,"column":16},"end":{"line":24,"column":74}},{"start":{},"end":{}}],"line":24},"8":{"loc":{"start":{"line":25,"column":16},"end":{"line":25,"column":80}},"type":"if","locations":[{"start":{"line":25,"column":16},"end":{"line":25,"column":80}},{"start":{},"end":{}}],"line":25},"9":{"loc":{"start":{"line":36,"column":8},"end":{"line":36,"column":57}},"type":"if","locations":[{"start":{"line":36,"column":8},"end":{"line":36,"column":57}},{"start":{},"end":{}}],"line":36},"10":{"loc":{"start":{"line":39,"column":8},"end":{"line":43,"column":48}},"type":"if","locations":[{"start":{"line":39,"column":8},"end":{"line":43,"column":48}},{"start":{"line":43,"column":13},"end":{"line":43,"column":48}}],"line":39},"11":{"loc":{"start":{"line":46,"column":8},"end":{"line":47,"column":56}},"type":"if","locations":[{"start":{"line":46,"column":8},"end":{"line":47,"column":56}},{"start":{"line":47,"column":13},"end":{"line":47,"column":56}}],"line":46},"12":{"loc":{"start":{"line":46,"column":12},"end":{"line":46,"column":63}},"type":"binary-expr","locations":[{"start":{"line":46,"column":12},"end":{"line":46,"column":34}},{"start":{"line":46,"column":38},"end":{"line":46,"column":63}}],"line":46}},"s":{"0":1,"1":1,"2":1,"3":1,"4":1,"5":1,"6":1,"7":1,"8":0,"9":1,"10":1,"11":1,"12":1,"13":1,"14":0,"15":0,"16":0,"17":0,"18":0,"19":0,"20":0,"21":0,"22":0,"23":0,"24":0,"25":0,"26":1,"27":0,"28":0,"29":0,"30":0,"31":0,"32":0,"33":0,"34":0,"35":0,"36":0,"37":0,"38":0,"39":0,"40":1,"41":0,"42":0,"43":0,"44":0,"45":0},"f":{"0":1,"1":0,"2":0},"b":{"0":[0,1],"1":[1,1,1],"2":[1,0],"3":[0,0],"4":[0,0],"5":[0,0],"6":[0,0],"7":[0,0],"8":[0,0],"9":[0,0],"10":[0,0],"11":[0,0],"12":[0,0]},"_coverageSchema":"1a1c01bbd47fc00a2c39e90264f33305004495a9","hash":"18018294e93c6082a06fb02a6db68c62db0908ed"}
,"D:\\Belajar\\finance-tracker\\app\\db\\config.js": {"path":"D:\\Belajar\\finance-tracker\\app\\db\\config.js","statementMap":{"0":{"start":{"line":1,"column":0},"end":{"line":1,"column":26}},"1":{"start":{"line":2,"column":17},"end":{"line":2,"column":30}},"2":{"start":{"line":3,"column":12},"end":{"line":6,"column":1}},"3":{"start":{"line":7,"column":13},"end":{"line":9,"column":2}},"4":{"start":{"line":10,"column":0},"end":{"line":12,"column":3}},"5":{"start":{"line":11,"column":2},"end":{"line":11,"column":29}},"6":{"start":{"line":13,"column":0},"end":{"line":13,"column":21}}},"fnMap":{"0":{"name":"(anonymous_0)","decl":{"start":{"line":10,"column":17},"end":{"line":10,"column":18}},"loc":{"start":{"line":10,"column":34},"end":{"line":12,"column":1}},"line":10}},"branchMap":{},"s":{"0":1,"1":1,"2":1,"3":1,"4":1,"5":0,"6":1},"f":{"0":0},"b":{},"_coverageSchema":"1a1c01bbd47fc00a2c39e90264f33305004495a9","hash":"2696ab988f21fa5f916f9ab94fbbaad7ecbb2ceb"}
,"D:\\Belajar\\finance-tracker\\app\\helpers\\regex.js": {"path":"D:\\Belajar\\finance-tracker\\app\\helpers\\regex.js","statementMap":{"0":{"start":{"line":1,"column":0},"end":{"line":6,"column":4}},"1":{"start":{"line":2,"column":23},"end":{"line":2,"column":178}},"2":{"start":{"line":4,"column":4},"end":{"line":5,"column":39}},"3":{"start":{"line":4,"column":33},"end":{"line":4,"column":66}},"4":{"start":{"line":5,"column":9},"end":{"line":5,"column":39}}},"fnMap":{"0":{"name":"(anonymous_0)","decl":{"start":{"line":1,"column":24},"end":{"line":1,"column":25}},"loc":{"start":{"line":1,"column":35},"end":{"line":6,"column":3}},"line":1}},"branchMap":{"0":{"loc":{"start":{"line":4,"column":4},"end":{"line":5,"column":39}},"type":"if","locations":[{"start":{"line":4,"column":4},"end":{"line":5,"column":39}},{"start":{"line":5,"column":9},"end":{"line":5,"column":39}}],"line":4}},"s":{"0":1,"1":2,"2":2,"3":1,"4":1},"f":{"0":2},"b":{"0":[1,1]},"_coverageSchema":"1a1c01bbd47fc00a2c39e90264f33305004495a9","hash":"cb43dfa864ffc7777db7adcfc8b50ca9a2d58688"}
,"D:\\Belajar\\finance-tracker\\app\\helpers\\response.js": {"path":"D:\\Belajar\\finance-tracker\\app\\helpers\\response.js","statementMap":{"0":{"start":{"line":1,"column":0},"end":{"line":6,"column":1}},"1":{"start":{"line":2,"column":4},"end":{"line":5,"column":6}},"2":{"start":{"line":8,"column":0},"end":{"line":13,"column":1}},"3":{"start":{"line":9,"column":4},"end":{"line":12,"column":6}},"4":{"start":{"line":15,"column":0},"end":{"line":21,"column":1}},"5":{"start":{"line":16,"column":4},"end":{"line":16,"column":25}},"6":{"start":{"line":17,"column":4},"end":{"line":20,"column":6}}},"fnMap":{"0":{"name":"(anonymous_0)","decl":{"start":{"line":1,"column":18},"end":{"line":1,"column":19}},"loc":{"start":{"line":1,"column":45},"end":{"line":6,"column":1}},"line":1},"1":{"name":"(anonymous_1)","decl":{"start":{"line":8,"column":16},"end":{"line":8,"column":17}},"loc":{"start":{"line":8,"column":43},"end":{"line":13,"column":1}},"line":8},"2":{"name":"(anonymous_2)","decl":{"start":{"line":15,"column":19},"end":{"line":15,"column":20}},"loc":{"start":{"line":15,"column":38},"end":{"line":21,"column":1}},"line":15}},"branchMap":{},"s":{"0":1,"1":1,"2":1,"3":1,"4":1,"5":0,"6":0},"f":{"0":1,"1":1,"2":0},"b":{},"_coverageSchema":"1a1c01bbd47fc00a2c39e90264f33305004495a9","hash":"939ec9733c9e10bce612100f0a4f04ab8de4156e"}
,"D:\\Belajar\\finance-tracker\\app\\middlewares\\authenticate.js": {"path":"D:\\Belajar\\finance-tracker\\app\\middlewares\\authenticate.js","statementMap":{"0":{"start":{"line":1,"column":12},"end":{"line":1,"column":35}},"1":{"start":{"line":2,"column":28},"end":{"line":2,"column":58}},"2":{"start":{"line":4,"column":0},"end":{"line":20,"column":1}},"3":{"start":{"line":5,"column":28},"end":{"line":5,"column":39}},"4":{"start":{"line":6,"column":4},"end":{"line":19,"column":5}},"5":{"start":{"line":7,"column":8},"end":{"line":7,"column":88}},"6":{"start":{"line":7,"column":46},"end":{"line":7,"column":88}},"7":{"start":{"line":8,"column":19},"end":{"line":8,"column":68}},"8":{"start":{"line":9,"column":8},"end":{"line":13,"column":48}},"9":{"start":{"line":10,"column":12},"end":{"line":10,"column":35}},"10":{"start":{"line":11,"column":12},"end":{"line":11,"column":18}},"11":{"start":{"line":13,"column":13},"end":{"line":13,"column":48}},"12":{"start":{"line":16,"column":8},"end":{"line":18,"column":66}},"13":{"start":{"line":16,"column":84},"end":{"line":16,"column":137}},"14":{"start":{"line":17,"column":13},"end":{"line":18,"column":66}},"15":{"start":{"line":17,"column":56},"end":{"line":17,"column":107}},"16":{"start":{"line":18,"column":15},"end":{"line":18,"column":64}}},"fnMap":{"0":{"name":"(anonymous_0)","decl":{"start":{"line":4,"column":23},"end":{"line":4,"column":24}},"loc":{"start":{"line":4,"column":49},"end":{"line":20,"column":1}},"line":4}},"branchMap":{"0":{"loc":{"start":{"line":7,"column":8},"end":{"line":7,"column":88}},"type":"if","locations":[{"start":{"line":7,"column":8},"end":{"line":7,"column":88}},{"start":{},"end":{}}],"line":7},"1":{"loc":{"start":{"line":9,"column":8},"end":{"line":13,"column":48}},"type":"if","locations":[{"start":{"line":9,"column":8},"end":{"line":13,"column":48}},{"start":{"line":13,"column":13},"end":{"line":13,"column":48}}],"line":9},"2":{"loc":{"start":{"line":16,"column":8},"end":{"line":18,"column":66}},"type":"if","locations":[{"start":{"line":16,"column":8},"end":{"line":18,"column":66}},{"start":{"line":17,"column":13},"end":{"line":18,"column":66}}],"line":16},"3":{"loc":{"start":{"line":16,"column":12},"end":{"line":16,"column":82}},"type":"binary-expr","locations":[{"start":{"line":16,"column":12},"end":{"line":16,"column":48}},{"start":{"line":16,"column":52},"end":{"line":16,"column":82}}],"line":16},"4":{"loc":{"start":{"line":17,"column":13},"end":{"line":18,"column":66}},"type":"if","locations":[{"start":{"line":17,"column":13},"end":{"line":18,"column":66}},{"start":{"line":18,"column":13},"end":{"line":18,"column":66}}],"line":17}},"s":{"0":1,"1":1,"2":1,"3":0,"4":0,"5":0,"6":0,"7":0,"8":0,"9":0,"10":0,"11":0,"12":0,"13":0,"14":0,"15":0,"16":0},"f":{"0":0},"b":{"0":[0,0],"1":[0,0],"2":[0,0],"3":[0,0],"4":[0,0]},"_coverageSchema":"1a1c01bbd47fc00a2c39e90264f33305004495a9","hash":"2ccef87526d10dafa8b248c3cea65d535294a0b8"}
,"D:\\Belajar\\finance-tracker\\app\\middlewares\\trackerMiddleware.js": {"path":"D:\\Belajar\\finance-tracker\\app\\middlewares\\trackerMiddleware.js","statementMap":{"0":{"start":{"line":1,"column":28},"end":{"line":1,"column":58}},"1":{"start":{"line":3,"column":0},"end":{"line":46,"column":1}},"2":{"start":{"line":4,"column":38},"end":{"line":4,"column":46}},"3":{"start":{"line":5,"column":4},"end":{"line":45,"column":5}},"4":{"start":{"line":6,"column":8},"end":{"line":14,"column":51}},"5":{"start":{"line":7,"column":12},"end":{"line":12,"column":55}},"6":{"start":{"line":8,"column":16},"end":{"line":9,"column":40}},"7":{"start":{"line":8,"column":32},"end":{"line":8,"column":76}},"8":{"start":{"line":9,"column":21},"end":{"line":9,"column":40}},"9":{"start":{"line":10,"column":16},"end":{"line":10,"column":78}},"10":{"start":{"line":10,"column":30},"end":{"line":10,"column":78}},"11":{"start":{"line":12,"column":17},"end":{"line":12,"column":55}},"12":{"start":{"line":14,"column":13},"end":{"line":14,"column":51}},"13":{"start":{"line":15,"column":8},"end":{"line":23,"column":58}},"14":{"start":{"line":16,"column":12},"end":{"line":21,"column":57}},"15":{"start":{"line":17,"column":16},"end":{"line":18,"column":44}},"16":{"start":{"line":17,"column":34},"end":{"line":17,"column":80}},"17":{"start":{"line":18,"column":21},"end":{"line":18,"column":44}},"18":{"start":{"line":19,"column":16},"end":{"line":19,"column":82}},"19":{"start":{"line":19,"column":32},"end":{"line":19,"column":82}},"20":{"start":{"line":21,"column":17},"end":{"line":21,"column":57}},"21":{"start":{"line":23,"column":13},"end":{"line":23,"column":58}},"22":{"start":{"line":24,"column":8},"end":{"line":32,"column":53}},"23":{"start":{"line":25,"column":12},"end":{"line":30,"column":56}},"24":{"start":{"line":26,"column":16},"end":{"line":27,"column":42}},"25":{"start":{"line":26,"column":33},"end":{"line":26,"column":78}},"26":{"start":{"line":27,"column":21},"end":{"line":27,"column":42}},"27":{"start":{"line":28,"column":16},"end":{"line":28,"column":102}},"28":{"start":{"line":28,"column":53},"end":{"line":28,"column":102}},"29":{"start":{"line":30,"column":17},"end":{"line":30,"column":56}},"30":{"start":{"line":32,"column":13},"end":{"line":32,"column":53}},"31":{"start":{"line":33,"column":8},"end":{"line":39,"column":9}},"32":{"start":{"line":34,"column":12},"end":{"line":38,"column":57}},"33":{"start":{"line":35,"column":16},"end":{"line":36,"column":44}},"34":{"start":{"line":35,"column":34},"end":{"line":35,"column":80}},"35":{"start":{"line":36,"column":21},"end":{"line":36,"column":44}},"36":{"start":{"line":38,"column":17},"end":{"line":38,"column":57}},"37":{"start":{"line":40,"column":8},"end":{"line":40,"column":14}},"38":{"start":{"line":43,"column":8},"end":{"line":44,"column":84}},"39":{"start":{"line":43,"column":70},"end":{"line":43,"column":97}},"40":{"start":{"line":44,"column":15},"end":{"line":44,"column":82}}},"fnMap":{"0":{"name":"(anonymous_0)","decl":{"start":{"line":3,"column":24},"end":{"line":3,"column":25}},"loc":{"start":{"line":3,"column":50},"end":{"line":46,"column":1}},"line":3}},"branchMap":{"0":{"loc":{"start":{"line":6,"column":8},"end":{"line":14,"column":51}},"type":"if","locations":[{"start":{"line":6,"column":8},"end":{"line":14,"column":51}},{"start":{"line":14,"column":13},"end":{"line":14,"column":51}}],"line":6},"1":{"loc":{"start":{"line":7,"column":12},"end":{"line":12,"column":55}},"type":"if","locations":[{"start":{"line":7,"column":12},"end":{"line":12,"column":55}},{"start":{"line":12,"column":17},"end":{"line":12,"column":55}}],"line":7},"2":{"loc":{"start":{"line":7,"column":17},"end":{"line":7,"column":85}},"type":"binary-expr","locations":[{"start":{"line":7,"column":18},"end":{"line":7,"column":40}},{"start":{"line":7,"column":44},"end":{"line":7,"column":58}},{"start":{"line":7,"column":63},"end":{"line":7,"column":85}}],"line":7},"3":{"loc":{"start":{"line":8,"column":16},"end":{"line":9,"column":40}},"type":"if","locations":[{"start":{"line":8,"column":16},"end":{"line":9,"column":40}},{"start":{"line":9,"column":21},"end":{"line":9,"column":40}}],"line":8},"4":{"loc":{"start":{"line":10,"column":16},"end":{"line":10,"column":78}},"type":"if","locations":[{"start":{"line":10,"column":16},"end":{"line":10,"column":78}},{"start":{},"end":{}}],"line":10},"5":{"loc":{"start":{"line":15,"column":8},"end":{"line":23,"column":58}},"type":"if","locations":[{"start":{"line":15,"column":8},"end":{"line":23,"column":58}},{"start":{"line":23,"column":13},"end":{"line":23,"column":58}}],"line":15},"6":{"loc":{"start":{"line":16,"column":12},"end":{"line":21,"column":57}},"type":"if","locations":[{"start":{"line":16,"column":12},"end":{"line":21,"column":57}},{"start":{"line":21,"column":17},"end":{"line":21,"column":57}}],"line":16},"7":{"loc":{"start":{"line":16,"column":16},"end":{"line":16,"column":91}},"type":"binary-expr","locations":[{"start":{"line":16,"column":17},"end":{"line":16,"column":41}},{"start":{"line":16,"column":46},"end":{"line":16,"column":62}},{"start":{"line":16,"column":67},"end":{"line":16,"column":91}}],"line":16},"8":{"loc":{"start":{"line":17,"column":16},"end":{"line":18,"column":44}},"type":"if","locations":[{"start":{"line":17,"column":16},"end":{"line":18,"column":44}},{"start":{"line":18,"column":21},"end":{"line":18,"column":44}}],"line":17},"9":{"loc":{"start":{"line":19,"column":16},"end":{"line":19,"column":82}},"type":"if","locations":[{"start":{"line":19,"column":16},"end":{"line":19,"column":82}},{"start":{},"end":{}}],"line":19},"10":{"loc":{"start":{"line":24,"column":8},"end":{"line":32,"column":53}},"type":"if","locations":[{"start":{"line":24,"column":8},"end":{"line":32,"column":53}},{"start":{"line":32,"column":13},"end":{"line":32,"column":53}}],"line":24},"11":{"loc":{"start":{"line":25,"column":12},"end":{"line":30,"column":56}},"type":"if","locations":[{"start":{"line":25,"column":12},"end":{"line":30,"column":56}},{"start":{"line":30,"column":17},"end":{"line":30,"column":56}}],"line":25},"12":{"loc":{"start":{"line":25,"column":17},"end":{"line":25,"column":89}},"type":"binary-expr","locations":[{"start":{"line":25,"column":18},"end":{"line":25,"column":41}},{"start":{"line":25,"column":46},"end":{"line":25,"column":61}},{"start":{"line":25,"column":66},"end":{"line":25,"column":89}}],"line":25},"13":{"loc":{"start":{"line":26,"column":16},"end":{"line":27,"column":42}},"type":"if","locations":[{"start":{"line":26,"column":16},"end":{"line":27,"column":42}},{"start":{"line":27,"column":21},"end":{"line":27,"column":42}}],"line":26},"14":{"loc":{"start":{"line":28,"column":16},"end":{"line":28,"column":102}},"type":"if","locations":[{"start":{"line":28,"column":16},"end":{"line":28,"column":102}},{"start":{},"end":{}}],"line":28},"15":{"loc":{"start":{"line":33,"column":8},"end":{"line":39,"column":9}},"type":"if","locations":[{"start":{"line":33,"column":8},"end":{"line":39,"column":9}},{"start":{},"end":{}}],"line":33},"16":{"loc":{"start":{"line":34,"column":12},"end":{"line":38,"column":57}},"type":"if","locations":[{"start":{"line":34,"column":12},"end":{"line":38,"column":57}},{"start":{"line":38,"column":17},"end":{"line":38,"column":57}}],"line":34},"17":{"loc":{"start":{"line":34,"column":16},"end":{"line":34,"column":68}},"type":"binary-expr","locations":[{"start":{"line":34,"column":16},"end":{"line":34,"column":40}},{"start":{"line":34,"column":44},"end":{"line":34,"column":68}}],"line":34},"18":{"loc":{"start":{"line":35,"column":16},"end":{"line":36,"column":44}},"type":"if","locations":[{"start":{"line":35,"column":16},"end":{"line":36,"column":44}},{"start":{"line":36,"column":21},"end":{"line":36,"column":44}}],"line":35},"19":{"loc":{"start":{"line":43,"column":8},"end":{"line":44,"column":84}},"type":"if","locations":[{"start":{"line":43,"column":8},"end":{"line":44,"column":84}},{"start":{"line":44,"column":13},"end":{"line":44,"column":84}}],"line":43},"20":{"loc":{"start":{"line":43,"column":12},"end":{"line":43,"column":68}},"type":"binary-expr","locations":[{"start":{"line":43,"column":12},"end":{"line":43,"column":37}},{"start":{"line":43,"column":41},"end":{"line":43,"column":68}}],"line":43}},"s":{"0":1,"1":1,"2":0,"3":0,"4":0,"5":0,"6":0,"7":0,"8":0,"9":0,"10":0,"11":0,"12":0,"13":0,"14":0,"15":0,"16":0,"17":0,"18":0,"19":0,"20":0,"21":0,"22":0,"23":0,"24":0,"25":0,"26":0,"27":0,"28":0,"29":0,"30":0,"31":0,"32":0,"33":0,"34":0,"35":0,"36":0,"37":0,"38":0,"39":0,"40":0},"f":{"0":0},"b":{"0":[0,0],"1":[0,0],"2":[0,0,0],"3":[0,0],"4":[0,0],"5":[0,0],"6":[0,0],"7":[0,0,0],"8":[0,0],"9":[0,0],"10":[0,0],"11":[0,0],"12":[0,0,0],"13":[0,0],"14":[0,0],"15":[0,0],"16":[0,0],"17":[0,0],"18":[0,0],"19":[0,0],"20":[0,0]},"_coverageSchema":"1a1c01bbd47fc00a2c39e90264f33305004495a9","hash":"c477801ec1c96df5f568ddee42b035e6de44c1f5"}
,"D:\\Belajar\\finance-tracker\\app\\middlewares\\userMiddleware.js": {"path":"D:\\Belajar\\finance-tracker\\app\\middlewares\\userMiddleware.js","statementMap":{"0":{"start":{"line":1,"column":28},"end":{"line":1,"column":58}},"1":{"start":{"line":2,"column":26},"end":{"line":2,"column":53}},"2":{"start":{"line":4,"column":0},"end":{"line":23,"column":1}},"3":{"start":{"line":5,"column":38},"end":{"line":5,"column":46}},"4":{"start":{"line":6,"column":4},"end":{"line":22,"column":5}},"5":{"start":{"line":7,"column":8},"end":{"line":9,"column":9}},"6":{"start":{"line":8,"column":12},"end":{"line":8,"column":128}},"7":{"start":{"line":8,"column":62},"end":{"line":8,"column":128}},"8":{"start":{"line":10,"column":8},"end":{"line":13,"column":9}},"9":{"start":{"line":11,"column":12},"end":{"line":11,"column":131}},"10":{"start":{"line":11,"column":64},"end":{"line":11,"column":131}},"11":{"start":{"line":12,"column":12},"end":{"line":12,"column":49}},"12":{"start":{"line":14,"column":8},"end":{"line":16,"column":9}},"13":{"start":{"line":15,"column":12},"end":{"line":15,"column":140}},"14":{"start":{"line":15,"column":70},"end":{"line":15,"column":140}},"15":{"start":{"line":17,"column":8},"end":{"line":17,"column":14}},"16":{"start":{"line":20,"column":8},"end":{"line":21,"column":81}},"17":{"start":{"line":20,"column":75},"end":{"line":20,"column":102}},"18":{"start":{"line":21,"column":15},"end":{"line":21,"column":79}}},"fnMap":{"0":{"name":"(anonymous_0)","decl":{"start":{"line":4,"column":24},"end":{"line":4,"column":25}},"loc":{"start":{"line":4,"column":50},"end":{"line":23,"column":1}},"line":4}},"branchMap":{"0":{"loc":{"start":{"line":7,"column":8},"end":{"line":9,"column":9}},"type":"if","locations":[{"start":{"line":7,"column":8},"end":{"line":9,"column":9}},{"start":{},"end":{}}],"line":7},"1":{"loc":{"start":{"line":8,"column":12},"end":{"line":8,"column":128}},"type":"if","locations":[{"start":{"line":8,"column":12},"end":{"line":8,"column":128}},{"start":{},"end":{}}],"line":8},"2":{"loc":{"start":{"line":8,"column":16},"end":{"line":8,"column":60}},"type":"binary-expr","locations":[{"start":{"line":8,"column":16},"end":{"line":8,"column":39}},{"start":{"line":8,"column":43},"end":{"line":8,"column":60}}],"line":8},"3":{"loc":{"start":{"line":10,"column":8},"end":{"line":13,"column":9}},"type":"if","locations":[{"start":{"line":10,"column":8},"end":{"line":13,"column":9}},{"start":{},"end":{}}],"line":10},"4":{"loc":{"start":{"line":11,"column":12},"end":{"line":11,"column":131}},"type":"if","locations":[{"start":{"line":11,"column":12},"end":{"line":11,"column":131}},{"start":{},"end":{}}],"line":11},"5":{"loc":{"start":{"line":11,"column":16},"end":{"line":11,"column":62}},"type":"binary-expr","locations":[{"start":{"line":11,"column":16},"end":{"line":11,"column":40}},{"start":{"line":11,"column":44},"end":{"line":11,"column":62}}],"line":11},"6":{"loc":{"start":{"line":14,"column":8},"end":{"line":16,"column":9}},"type":"if","locations":[{"start":{"line":14,"column":8},"end":{"line":16,"column":9}},{"start":{},"end":{}}],"line":14},"7":{"loc":{"start":{"line":15,"column":12},"end":{"line":15,"column":140}},"type":"if","locations":[{"start":{"line":15,"column":12},"end":{"line":15,"column":140}},{"start":{},"end":{}}],"line":15},"8":{"loc":{"start":{"line":15,"column":16},"end":{"line":15,"column":68}},"type":"binary-expr","locations":[{"start":{"line":15,"column":16},"end":{"line":15,"column":43}},{"start":{"line":15,"column":47},"end":{"line":15,"column":68}}],"line":15},"9":{"loc":{"start":{"line":20,"column":8},"end":{"line":21,"column":81}},"type":"if","locations":[{"start":{"line":20,"column":8},"end":{"line":21,"column":81}},{"start":{"line":21,"column":13},"end":{"line":21,"column":81}}],"line":20},"10":{"loc":{"start":{"line":20,"column":12},"end":{"line":20,"column":71}},"type":"binary-expr","locations":[{"start":{"line":20,"column":12},"end":{"line":20,"column":46}},{"start":{"line":20,"column":50},"end":{"line":20,"column":71}}],"line":20}},"s":{"0":1,"1":1,"2":1,"3":2,"4":2,"5":2,"6":2,"7":0,"8":2,"9":2,"10":0,"11":2,"12":1,"13":1,"14":0,"15":1,"16":1,"17":1,"18":0},"f":{"0":2},"b":{"0":[2,0],"1":[0,2],"2":[2,0],"3":[2,0],"4":[0,2],"5":[2,0],"6":[1,0],"7":[0,1],"8":[1,0],"9":[1,0],"10":[1,1]},"_coverageSchema":"1a1c01bbd47fc00a2c39e90264f33305004495a9","hash":"bac4e7e3c39ddbaf50f0acefffa7168a7f921e2c"}
,"D:\\Belajar\\finance-tracker\\app\\routes\\index.js": {"path":"D:\\Belajar\\finance-tracker\\app\\routes\\index.js","statementMap":{"0":{"start":{"line":1,"column":15},"end":{"line":1,"column":42}},"1":{"start":{"line":2,"column":11},"end":{"line":2,"column":24}},"2":{"start":{"line":3,"column":13},"end":{"line":3,"column":28}},"3":{"start":{"line":4,"column":17},"end":{"line":4,"column":42}},"4":{"start":{"line":5,"column":15},"end":{"line":5,"column":17}},"5":{"start":{"line":8,"column":0},"end":{"line":13,"column":2}},"6":{"start":{"line":9,"column":4},"end":{"line":9,"column":90}},"7":{"start":{"line":11,"column":4},"end":{"line":11,"column":54}},"8":{"start":{"line":12,"column":4},"end":{"line":12,"column":42}},"9":{"start":{"line":16,"column":0},"end":{"line":16,"column":24}}},"fnMap":{"0":{"name":"(anonymous_0)","decl":{"start":{"line":8,"column":33},"end":{"line":8,"column":34}},"loc":{"start":{"line":8,"column":41},"end":{"line":10,"column":1}},"line":8},"1":{"name":"(anonymous_1)","decl":{"start":{"line":10,"column":11},"end":{"line":10,"column":12}},"loc":{"start":{"line":10,"column":19},"end":{"line":13,"column":1}},"line":10}},"branchMap":{"0":{"loc":{"start":{"line":9,"column":11},"end":{"line":9,"column":89}},"type":"binary-expr","locations":[{"start":{"line":9,"column":12},"end":{"line":9,"column":35}},{"start":{"line":9,"column":41},"end":{"line":9,"column":58}},{"start":{"line":9,"column":64},"end":{"line":9,"column":88}}],"line":9}},"s":{"0":1,"1":1,"2":1,"3":1,"4":1,"5":1,"6":3,"7":2,"8":2,"9":1},"f":{"0":3,"1":2},"b":{"0":[3,3,2]},"_coverageSchema":"1a1c01bbd47fc00a2c39e90264f33305004495a9","hash":"bf7c313e9dc5bfb8612e4132f9b41a5f7c9732d7"}
,"D:\\Belajar\\finance-tracker\\app\\routes\\trackerRoute.js": {"path":"D:\\Belajar\\finance-tracker\\app\\routes\\trackerRoute.js","statementMap":{"0":{"start":{"line":1,"column":16},"end":{"line":1,"column":34}},"1":{"start":{"line":2,"column":14},"end":{"line":2,"column":30}},"2":{"start":{"line":3,"column":17},"end":{"line":3,"column":60}},"3":{"start":{"line":4,"column":25},"end":{"line":4,"column":63}},"4":{"start":{"line":5,"column":17},"end":{"line":5,"column":60}},"5":{"start":{"line":7,"column":0},"end":{"line":7,"column":81}},"6":{"start":{"line":8,"column":0},"end":{"line":8,"column":56}},"7":{"start":{"line":9,"column":0},"end":{"line":9,"column":78}},"8":{"start":{"line":11,"column":0},"end":{"line":11,"column":22}}},"fnMap":{},"branchMap":{},"s":{"0":1,"1":1,"2":1,"3":1,"4":1,"5":1,"6":1,"7":1,"8":1},"f":{},"b":{},"_coverageSchema":"1a1c01bbd47fc00a2c39e90264f33305004495a9","hash":"fede7941f5fb09bcd78348d8753762c4b85f5725"}
,"D:\\Belajar\\finance-tracker\\app\\routes\\userRoute.js": {"path":"D:\\Belajar\\finance-tracker\\app\\routes\\userRoute.js","statementMap":{"0":{"start":{"line":1,"column":16},"end":{"line":1,"column":34}},"1":{"start":{"line":2,"column":14},"end":{"line":2,"column":30}},"2":{"start":{"line":3,"column":14},"end":{"line":3,"column":54}},"3":{"start":{"line":4,"column":25},"end":{"line":4,"column":63}},"4":{"start":{"line":5,"column":14},"end":{"line":5,"column":54}},"5":{"start":{"line":7,"column":0},"end":{"line":7,"column":56}},"6":{"start":{"line":8,"column":0},"end":{"line":8,"column":53}},"7":{"start":{"line":9,"column":0},"end":{"line":9,"column":47}},"8":{"start":{"line":11,"column":0},"end":{"line":11,"column":22}}},"fnMap":{},"branchMap":{},"s":{"0":1,"1":1,"2":1,"3":1,"4":1,"5":1,"6":1,"7":1,"8":1},"f":{},"b":{},"_coverageSchema":"1a1c01bbd47fc00a2c39e90264f33305004495a9","hash":"9c552f64569640c4d2d679f55da546594b46f434"}
}
